2020-09-05 10:56:21.464 [notice] <0.64.0>@lager_app:276 Deprecated lager_file_backend config detected, please consider updating it
2020-09-05 10:56:21.749 [info] <0.7.0> Application lager started on node rahm@u16
2020-09-05 10:56:21.774 [info] <0.7.0> Application crypto started on node rahm@u16
2020-09-05 10:56:23.519 [info] <0.7.0> Application mimetypes started on node rahm@u16
2020-09-05 10:56:23.607 [info] <0.98.0>@boss_web_controller_init:init_services:132 Starting Boss in development mode...
2020-09-05 10:56:23.625 [info] <0.98.0>@boss_db:start:77 Start Database Adapter boss_db_adapter_mock options [{adapter,mock},{cache_enable,false},{cache_prefix,db},{shards,[]},{is_master_node,true},{db_host,"localhost"},{db_port,1978}]
2020-09-05 10:56:23.759 [info] <0.7.0> Application tinymq started on node rahm@u16
2020-09-05 10:56:23.860 [info] <0.7.0> Application ranch started on node rahm@u16
2020-09-05 10:56:23.866 [info] <0.7.0> Application cowlib started on node rahm@u16
2020-09-05 10:56:23.889 [info] <0.7.0> Application cowboy started on node rahm@u16
2020-09-05 10:56:24.012 [warning] <0.6.0> lager_error_logger_h dropped 29 messages in the last second that exceeded the limit of 50 messages/sec
2020-09-05 10:56:24.149 [notice] <0.98.0>@boss_compiler:compile:38 Compile file "/home/yin/rahm/src/mail/rahm_incoming_mail_controller.erl" with options [{out_dir,undefined},{include_dirs,["/home/yin/rahm/include"]},{compiler_options,[{parse_transform,lager_transform},return_errors]}] 
2020-09-05 10:56:24.240 [notice] <0.98.0>@boss_compiler:compile:38 Compile file "/home/yin/rahm/src/mail/rahm_outgoing_mail_controller.erl" with options [{out_dir,undefined},{include_dirs,["/home/yin/rahm/include"]},{compiler_options,[{parse_transform,lager_transform},return_errors]}] 
2020-09-05 10:56:24.290 [info] <0.98.0>@boss_controller_compiler:compile:71 Compile controller /home/yin/rahm/src/controller/rahm_greeting_controller.erl
2020-09-05 10:56:24.290 [notice] <0.98.0>@boss_compiler:compile:38 Compile file "/home/yin/rahm/src/controller/rahm_greeting_controller.erl" with options [debug_info,{pre_revert_transform,#Fun<boss_controller_compiler.add_routes_to_forms.1>},{out_dir,undefined},{include_dirs,["/home/yin/rahm/include"]},{compiler_options,[{parse_transform,lager_transform},return_errors]}] 
2020-09-05 10:56:24.319 [notice] <0.98.0>@boss_compiler:compile:38 Compile file "/home/yin/rahm/src/view/lib/tag_modules/rahm_custom_tags.erl" with options [{out_dir,undefined},{include_dirs,["/home/yin/rahm/include"]},{compiler_options,[{parse_transform,lager_transform},return_errors]}] 
2020-09-05 10:56:24.369 [notice] <0.98.0>@boss_compiler:compile:38 Compile file "/home/yin/rahm/src/view/lib/filter_modules/rahm_custom_filters.erl" with options [{out_dir,undefined},{include_dirs,["/home/yin/rahm/include"]},{compiler_options,[{parse_transform,lager_transform},return_errors]}] 
2020-09-05 10:56:24.518 [notice] <0.98.0>@boss_compiler:compile:38 Compile file "/home/yin/rahm/priv/init/rahm_01_news.erl" with options [{include_dirs,["/home/yin/rahm/include"]}] 
2020-09-05 11:11:30.286 [info] <0.7.0> Application lager started on node nonode@nohost
2020-09-05 11:11:30.377 [notice] <0.2.0>@boss_compiler:compile:38 Compile file "/home/yin/rahm/src/mail/rahm_incoming_mail_controller.erl" with options [{out_dir,"ebin"},{include_dirs,["/home/yin/rahm/include"]},{compiler_options,[{parse_transform,lager_transform},return_errors]}] 
2020-09-05 11:11:30.407 [notice] <0.2.0>@boss_compiler:compile:38 Compile file "/home/yin/rahm/src/mail/rahm_outgoing_mail_controller.erl" with options [{out_dir,"ebin"},{include_dirs,["/home/yin/rahm/include"]},{compiler_options,[{parse_transform,lager_transform},return_errors]}] 
2020-09-05 11:11:30.412 [info] <0.2.0>@boss_controller_compiler:compile:71 Compile controller /home/yin/rahm/src/controller/rahm_greeting_controller.erl
2020-09-05 11:11:30.412 [notice] <0.2.0>@boss_compiler:compile:38 Compile file "/home/yin/rahm/src/controller/rahm_greeting_controller.erl" with options [debug_info,{pre_revert_transform,#Fun<boss_controller_compiler.add_routes_to_forms.1>},{out_dir,"ebin"},{include_dirs,["/home/yin/rahm/include"]},{compiler_options,[{parse_transform,lager_transform},return_errors]}] 
2020-09-05 11:11:30.419 [notice] <0.2.0>@boss_compiler:compile:38 Compile file "/home/yin/rahm/src/view/lib/tag_modules/rahm_custom_tags.erl" with options [{out_dir,"ebin"},{include_dirs,["/home/yin/rahm/include"]},{compiler_options,[{parse_transform,lager_transform},return_errors]}] 
2020-09-05 11:11:30.423 [notice] <0.2.0>@boss_compiler:compile:38 Compile file "/home/yin/rahm/src/view/lib/filter_modules/rahm_custom_filters.erl" with options [{out_dir,"ebin"},{include_dirs,["/home/yin/rahm/include"]},{compiler_options,[{parse_transform,lager_transform},return_errors]}] 
2020-09-05 11:11:44.297 [notice] <0.64.0>@lager_app:276 Deprecated lager_file_backend config detected, please consider updating it
2020-09-05 11:11:44.604 [info] <0.7.0> Application lager started on node rahm@u16
2020-09-05 11:11:44.634 [info] <0.7.0> Application crypto started on node rahm@u16
2020-09-05 11:11:44.678 [info] <0.7.0> Application mimetypes started on node rahm@u16
2020-09-05 11:11:44.803 [info] <0.96.0>@boss_web_controller_init:init_services:132 Starting Boss in development mode...
2020-09-05 11:11:44.839 [info] <0.96.0>@boss_db:start:77 Start Database Adapter boss_db_adapter_mock options [{adapter,mock},{cache_enable,false},{cache_prefix,db},{shards,[]},{is_master_node,true},{db_host,"localhost"},{db_port,1978}]
2020-09-05 11:11:44.971 [info] <0.7.0> Application tinymq started on node rahm@u16
2020-09-05 11:11:45.084 [info] <0.7.0> Application ranch started on node rahm@u16
2020-09-05 11:11:45.092 [info] <0.7.0> Application cowlib started on node rahm@u16
2020-09-05 11:11:45.130 [info] <0.7.0> Application cowboy started on node rahm@u16
2020-09-05 11:11:45.198 [error] <0.164.0>@ranch_acceptors_sup:init:30 CRASH REPORT Process <0.164.0> with 0 neighbours exited with reason: no match of right hand value {error,eacces} in ranch_acceptors_sup:init/1 line 30 in gen_server:init_it/6 line 352
2020-09-05 11:11:45.199 [error] <0.162.0>@ranch_acceptors_sup:init:30 Supervisor {<0.162.0>,ranch_listener_sup} had child ranch_acceptors_sup started with ranch_acceptors_sup:start_link(http, 100, ranch_tcp, [{ip,{0,0,0,0}},{port,80}]) at undefined exit with reason no match of right hand value {error,eacces} in ranch_acceptors_sup:init/1 line 30 in context start_error
2020-09-05 11:11:45.200 [info] <0.7.0> Application simple_bridge started on node rahm@u16
2020-09-05 11:11:45.233 [info] <0.7.0> Application boss started on node rahm@u16
2020-09-05 11:11:45.247 [info] <0.7.0> Application rahm started on node rahm@u16
2020-09-05 11:11:45.595 [notice] <0.96.0>@boss_compiler:compile:38 Compile file "/home/yin/rahm/priv/init/rahm_01_news.erl" with options [{include_dirs,["/home/yin/rahm/include"]}] 
2020-09-05 11:13:57.440 [notice] <0.64.0>@lager_app:276 Deprecated lager_file_backend config detected, please consider updating it
2020-09-05 11:13:57.705 [info] <0.7.0> Application lager started on node rahm@u16
2020-09-05 11:13:57.755 [info] <0.7.0> Application crypto started on node rahm@u16
2020-09-05 11:13:57.792 [info] <0.7.0> Application mimetypes started on node rahm@u16
2020-09-05 11:13:57.891 [info] <0.96.0>@boss_web_controller_init:init_services:132 Starting Boss in development mode...
2020-09-05 11:13:57.910 [info] <0.96.0>@boss_db:start:77 Start Database Adapter boss_db_adapter_mock options [{adapter,mock},{cache_enable,false},{cache_prefix,db},{shards,[]},{is_master_node,true},{db_host,"localhost"},{db_port,1978}]
2020-09-05 11:13:58.035 [info] <0.7.0> Application tinymq started on node rahm@u16
2020-09-05 11:13:58.135 [info] <0.7.0> Application ranch started on node rahm@u16
2020-09-05 11:13:58.142 [info] <0.7.0> Application cowlib started on node rahm@u16
2020-09-05 11:13:58.180 [info] <0.7.0> Application cowboy started on node rahm@u16
2020-09-05 11:13:58.526 [notice] <0.96.0>@boss_compiler:compile:38 Compile file "/home/yin/rahm/priv/init/rahm_01_news.erl" with options [{include_dirs,["/home/yin/rahm/include"]}] 
2020-09-05 11:13:59.006 [warning] <0.6.0> lager_error_logger_h dropped 29 messages in the last second that exceeded the limit of 50 messages/sec
2020-09-05 11:14:03.769 [warning] <0.274.0>@boss_web_controller_handle_request:log_status_code:186 GET / [rahm] 404 1ms
2020-09-05 11:14:14.973 [info] <0.276.0>@boss_web_controller_handle_request:log_status_code:188 GET /greeting/hello [rahm] 200 59ms
2020-09-05 11:14:21.955 [notice] <0.278.0>@boss_controller_adapter_pmod:action:111 [ChicagoBoss] The function rahm_greeting_controller:helllo/2 is not exported, if in doubt add -export([helllo/2])) to the module
2020-09-05 11:14:21.984 [warning] <0.278.0>@boss_web_controller_handle_request:log_status_code:186 GET /greeting/helllo [rahm] 404 37ms
2020-09-05 11:14:36.926 [info] <0.281.0>@boss_web_controller_handle_request:log_status_code:188 GET /greeting/hello [rahm] 200 20ms
2020-09-05 11:14:39.216 [info] <0.281.0>@boss_web_controller_handle_request:log_status_code:188 GET /greeting/hello [rahm] 200 14ms
2020-09-05 11:14:39.557 [info] <0.281.0>@boss_web_controller_handle_request:log_status_code:188 GET /greeting/hello [rahm] 200 20ms
2020-09-05 11:14:51.677 [info] <0.286.0>@boss_web_controller_handle_request:log_status_code:188 GET /greeting/hello [rahm] 200 20ms
2020-09-05 11:14:52.557 [info] <0.286.0>@boss_web_controller_handle_request:log_status_code:188 GET /greeting/hello [rahm] 200 9ms
2020-09-05 11:14:56.137 [info] <0.290.0>@boss_web_controller_handle_request:log_status_code:188 GET /greeting/hello [rahm] 200 13ms
2020-09-05 11:14:56.930 [info] <0.290.0>@boss_web_controller_handle_request:log_status_code:188 GET /greeting/hello [rahm] 200 30ms
2020-09-05 11:14:57.453 [info] <0.290.0>@boss_web_controller_handle_request:log_status_code:188 GET /greeting/hello [rahm] 200 18ms
2020-09-05 11:14:57.726 [info] <0.290.0>@boss_web_controller_handle_request:log_status_code:188 GET /greeting/hello [rahm] 200 7ms
2020-09-05 11:14:58.019 [info] <0.290.0>@boss_web_controller_handle_request:log_status_code:188 GET /greeting/hello [rahm] 200 11ms
2020-09-05 11:14:58.279 [info] <0.290.0>@boss_web_controller_handle_request:log_status_code:188 GET /greeting/hello [rahm] 200 17ms
2020-09-05 11:14:58.738 [info] <0.290.0>@boss_web_controller_handle_request:log_status_code:188 GET /greeting/hello [rahm] 200 25ms
2020-09-05 11:14:59.005 [info] <0.290.0>@boss_web_controller_handle_request:log_status_code:188 GET /greeting/hello [rahm] 200 31ms
2020-09-05 11:14:59.248 [info] <0.290.0>@boss_web_controller_handle_request:log_status_code:188 GET /greeting/hello [rahm] 200 20ms
2020-09-05 11:15:10.705 [info] <0.301.0>@boss_web_controller_handle_request:log_status_code:188 GET /greeting/hello [rahm] 200 54ms
2020-09-05 11:15:10.952 [info] <0.301.0>@boss_web_controller_handle_request:log_status_code:188 GET /greeting/hello [rahm] 200 48ms
2020-09-05 11:15:11.215 [info] <0.301.0>@boss_web_controller_handle_request:log_status_code:188 GET /greeting/hello [rahm] 200 45ms
2020-09-05 11:20:16.746 [info] <0.7.0> Application lager started on node nonode@nohost
2020-09-05 11:20:16.872 [notice] <0.2.0>@boss_compiler:compile:38 Compile file "/home/yin/rahm/src/mail/rahm_incoming_mail_controller.erl" with options [{out_dir,"ebin"},{include_dirs,["/home/yin/rahm/include"]},{compiler_options,[{parse_transform,lager_transform},return_errors]}] 
2020-09-05 11:20:16.990 [notice] <0.2.0>@boss_compiler:compile:38 Compile file "/home/yin/rahm/src/mail/rahm_outgoing_mail_controller.erl" with options [{out_dir,"ebin"},{include_dirs,["/home/yin/rahm/include"]},{compiler_options,[{parse_transform,lager_transform},return_errors]}] 
2020-09-05 11:20:16.995 [info] <0.2.0>@boss_controller_compiler:compile:71 Compile controller /home/yin/rahm/src/controller/rahm_greeting_controller.erl
2020-09-05 11:20:16.995 [notice] <0.2.0>@boss_compiler:compile:38 Compile file "/home/yin/rahm/src/controller/rahm_greeting_controller.erl" with options [debug_info,{pre_revert_transform,#Fun<boss_controller_compiler.add_routes_to_forms.1>},{out_dir,"ebin"},{include_dirs,["/home/yin/rahm/include"]},{compiler_options,[{parse_transform,lager_transform},return_errors]}] 
2020-09-05 11:20:17.002 [notice] <0.2.0>@boss_compiler:compile:38 Compile file "/home/yin/rahm/src/view/lib/tag_modules/rahm_custom_tags.erl" with options [{out_dir,"ebin"},{include_dirs,["/home/yin/rahm/include"]},{compiler_options,[{parse_transform,lager_transform},return_errors]}] 
2020-09-05 11:20:17.006 [notice] <0.2.0>@boss_compiler:compile:38 Compile file "/home/yin/rahm/src/view/lib/filter_modules/rahm_custom_filters.erl" with options [{out_dir,"ebin"},{include_dirs,["/home/yin/rahm/include"]},{compiler_options,[{parse_transform,lager_transform},return_errors]}] 
2020-09-05 11:20:17.104 [notice] <0.1009.0>@lager_app:276 Deprecated lager_file_backend config detected, please consider updating it
2020-09-05 11:47:43.680 [info] <0.7.0> Application lager started on node nonode@nohost
2020-09-05 11:47:43.807 [notice] <0.2.0>@boss_compiler:compile:38 Compile file "/home/yin/rahm/src/mail/rahm_incoming_mail_controller.erl" with options [{out_dir,"ebin"},{include_dirs,["/home/yin/rahm/include"]},{compiler_options,[{parse_transform,lager_transform},return_errors]}] 
2020-09-05 11:47:43.941 [notice] <0.2.0>@boss_compiler:compile:38 Compile file "/home/yin/rahm/src/mail/rahm_outgoing_mail_controller.erl" with options [{out_dir,"ebin"},{include_dirs,["/home/yin/rahm/include"]},{compiler_options,[{parse_transform,lager_transform},return_errors]}] 
2020-09-05 11:47:43.948 [info] <0.2.0>@boss_controller_compiler:compile:71 Compile controller /home/yin/rahm/src/controller/rahm_greeting_controller.erl
2020-09-05 11:47:43.948 [notice] <0.2.0>@boss_compiler:compile:38 Compile file "/home/yin/rahm/src/controller/rahm_greeting_controller.erl" with options [debug_info,{pre_revert_transform,#Fun<boss_controller_compiler.add_routes_to_forms.1>},{out_dir,"ebin"},{include_dirs,["/home/yin/rahm/include"]},{compiler_options,[{parse_transform,lager_transform},return_errors]}] 
2020-09-05 11:47:43.996 [error] <0.2.0>@boss_load:compile_and_accumulate_errors:273 Compile Error, "src/controller/rahm_greeting_controller.erl" -> [{"/home/yin/rahm/src/controller/rahm_greeting_controller.erl",[{10,erl_lint,{unbound_var,'Origin'}},{39,erl_lint,{undefined_function,{get_peer_id,0}}}]}]
2020-09-05 11:47:43.996 [error] <0.2.0>@boss_load:make_all_modules:99 Load Module Error controller_modules : [{"/home/yin/rahm/src/controller/rahm_greeting_controller.erl",[{10,erl_lint,{unbound_var,'Origin'}},{39,erl_lint,{undefined_function,{get_peer_id,0}}}]}]
2020-09-05 11:47:44.017 [notice] <0.192.0>@lager_app:276 Deprecated lager_file_backend config detected, please consider updating it
2020-09-05 11:47:44.072 [notice] <0.2.0>@boss_compiler:compile:38 Compile file "/home/yin/rahm/src/model/pageview.erl" with options [debug_info,{pre_revert_transform,#Fun<boss_record_compiler.trick_out_forms.2>},{token_transform,#Fun<boss_record_compiler.process_tokens.1>},{out_dir,"ebin"},{include_dirs,["/home/yin/rahm/include"]},{compiler_options,[{parse_transform,lager_transform},return_errors]}] 
2020-09-05 11:47:44.073 [info] <0.2.0>@boss_record_compiler:process_tokens:120 Tokens [{'-',{1,1}},{atom,{1,2},module},{'(',{1,8}},{atom,{1,9},pageview},{',',{1,17}},{'[',{1,19}},{var,{1,20},'Id'},{',',{1,22}},{var,{1,24},'Url'},{',',{1,27}},{var,{1,29},'Title'},{',',{1,34}},{var,{1,36},'Page_ts'},{',',{1,43}},{var,{1,45},'Browser'},{',',{1,52}},{var,{1,54},'Width'},{',',{1,59}},{var,{1,61},'Height'},{',',{1,67}},{var,{1,69},'Uuid'},{',',{1,73}},{var,{1,75},'ClientIp'},{']',{1,83}},{')',{1,84}},{dot,{1,85}},{'-',{2,1}},{atom,{2,2},compile},{'(',{2,9}},{atom,{2,10},export_all},{')',{2,20}},{dot,{2,21}},{atom,{4,1},validation_tests},{'(',{4,17}},{')',{4,18}},{'->',{4,20}},{'[',{5,2}},{'{',{5,3}},{fun,{5,4}},{'(',{5,7}},{')',{5,8}},{'->',{5,10}},{atom,{5,13},length},{'(',{5,19}},{var,{5,20},'Page_ts'},{')',{5,27}},{'>',{5,29}},{integer,{5,31},0},{end,{5,33}},{',',{5,36}},{'{',{6,4}},{atom,{6,5},output},{',',{6,11}},{string,{6,13},"Pageview timestamp must be non-empty!"},{'}',{6,52}},{'}',{6,53}},{',',{6,54}},{'{',{7,6}},{fun,{7,7}},{'(',{7,10}},{')',{7,11}},{'->',{7,13}},{atom,{7,16},length},{'(',{7,22}},{var,{7,23},'Page_ts'},{')',{7,30}},{'=<',{7,32}},{integer,{7,35},20},{end,{7,38}},{',',{7,41}},{'{',{8,8}},{atom,{8,9},output},{',',{8,15}},{string,{8,17},"Pageview timestamp must be limited"},{'}',{8,53}},{'}',{8,54}},{',',{8,55}},{'{',{10,10}},{fun,{10,11}},{'(',{10,14}},{')',{10,15}},{'->',{10,17}},{atom,{10,20},length},{'(',{10,26}},{var,{10,27},'Url'},{')',{10,30}},{'>',{10,32}},{integer,{10,34},0},{end,{10,36}},{',',{10,39}},{'{',{11,12}},{atom,{11,13},output},{',',{11,19}},{string,{11,21},"Url address must be non-empty!"},{'}',{11,53}},{'}',{11,54}},{',',{11,55}},{'{',{13,14}},{fun,{13,15}},{'(',{13,18}},{')',{13,19}},{'->',{13,21}},{atom,{13,24},length},{'(',{13,30}},{var,{13,31},'Browser'},{')',{13,38}},{'>',{13,40}},{integer,{13,42},0},{end,{13,44}},{',',{13,47}},{'{',{14,16}},{atom,{14,17},output},{',',{14,23}},{string,{14,25},"Browser info must be non-empty!"},{'}',{14,58}},{'}',{14,59}},{']',{15,3}},{dot,{15,4}},{eof,{17,1}}]
2020-09-05 11:47:44.074 [notice] <0.2.0>@boss_record_compiler:make_generated_forms:225 Module "pageview" Parameters ['Id','Url','Title','Page_ts','Browser','Width','Height','Uuid','ClientIp'] Attributes[{compile,export_all}]
2020-09-05 11:47:44.142 [notice] <0.2.0>@boss_compiler:compile:38 Compile file "/home/yin/rahm/src/view/lib/tag_modules/rahm_custom_tags.erl" with options [{out_dir,"ebin"},{include_dirs,["/home/yin/rahm/include"]},{compiler_options,[{parse_transform,lager_transform},return_errors]}] 
2020-09-05 11:47:44.148 [notice] <0.2.0>@boss_compiler:compile:38 Compile file "/home/yin/rahm/src/view/lib/filter_modules/rahm_custom_filters.erl" with options [{out_dir,"ebin"},{include_dirs,["/home/yin/rahm/include"]},{compiler_options,[{parse_transform,lager_transform},return_errors]}] 
2020-09-05 11:51:39.275 [info] <0.7.0> Application lager started on node nonode@nohost
2020-09-05 11:51:39.405 [notice] <0.2.0>@boss_compiler:compile:38 Compile file "/home/yin/rahm/src/mail/rahm_incoming_mail_controller.erl" with options [{out_dir,"ebin"},{include_dirs,["/home/yin/rahm/include"]},{compiler_options,[{parse_transform,lager_transform},return_errors]}] 
2020-09-05 11:51:39.516 [notice] <0.2.0>@boss_compiler:compile:38 Compile file "/home/yin/rahm/src/mail/rahm_outgoing_mail_controller.erl" with options [{out_dir,"ebin"},{include_dirs,["/home/yin/rahm/include"]},{compiler_options,[{parse_transform,lager_transform},return_errors]}] 
2020-09-05 11:51:39.521 [info] <0.2.0>@boss_controller_compiler:compile:71 Compile controller /home/yin/rahm/src/controller/rahm_greeting_controller.erl
2020-09-05 11:51:39.521 [notice] <0.2.0>@boss_compiler:compile:38 Compile file "/home/yin/rahm/src/controller/rahm_greeting_controller.erl" with options [debug_info,{pre_revert_transform,#Fun<boss_controller_compiler.add_routes_to_forms.1>},{out_dir,"ebin"},{include_dirs,["/home/yin/rahm/include"]},{compiler_options,[{parse_transform,lager_transform},return_errors]}] 
2020-09-05 11:51:39.604 [notice] <0.2.0>@boss_compiler:compile:38 Compile file "/home/yin/rahm/src/model/pageview.erl" with options [debug_info,{pre_revert_transform,#Fun<boss_record_compiler.trick_out_forms.2>},{token_transform,#Fun<boss_record_compiler.process_tokens.1>},{out_dir,"ebin"},{include_dirs,["/home/yin/rahm/include"]},{compiler_options,[{parse_transform,lager_transform},return_errors]}] 
2020-09-05 11:51:39.605 [info] <0.2.0>@boss_record_compiler:process_tokens:120 Tokens [{'-',{1,1}},{atom,{1,2},module},{'(',{1,8}},{atom,{1,9},pageview},{',',{1,17}},{'[',{1,19}},{var,{1,20},'Id'},{',',{1,22}},{var,{1,24},'Url'},{',',{1,27}},{var,{1,29},'Title'},{',',{1,34}},{var,{1,36},'Page_ts'},{',',{1,43}},{var,{1,45},'Browser'},{',',{1,52}},{var,{1,54},'Width'},{',',{1,59}},{var,{1,61},'Height'},{',',{1,67}},{var,{1,69},'Uuid'},{',',{1,73}},{var,{1,75},'ClientIp'},{']',{1,83}},{')',{1,84}},{dot,{1,85}},{'-',{2,1}},{atom,{2,2},compile},{'(',{2,9}},{atom,{2,10},export_all},{')',{2,20}},{dot,{2,21}},{atom,{4,1},validation_tests},{'(',{4,17}},{')',{4,18}},{'->',{4,20}},{'[',{5,2}},{'{',{5,3}},{fun,{5,4}},{'(',{5,7}},{')',{5,8}},{'->',{5,10}},{atom,{5,13},length},{'(',{5,19}},{var,{5,20},'Page_ts'},{')',{5,27}},{'>',{5,29}},{integer,{5,31},0},{end,{5,33}},{',',{5,36}},{'{',{6,4}},{atom,{6,5},output},{',',{6,11}},{string,{6,13},"Pageview timestamp must be non-empty!"},{'}',{6,52}},{'}',{6,53}},{',',{6,54}},{'{',{7,6}},{fun,{7,7}},{'(',{7,10}},{')',{7,11}},{'->',{7,13}},{atom,{7,16},length},{'(',{7,22}},{var,{7,23},'Page_ts'},{')',{7,30}},{'=<',{7,32}},{integer,{7,35},20},{end,{7,38}},{',',{7,41}},{'{',{8,8}},{atom,{8,9},output},{',',{8,15}},{string,{8,17},"Pageview timestamp must be limited"},{'}',{8,53}},{'}',{8,54}},{',',{8,55}},{'{',{10,10}},{fun,{10,11}},{'(',{10,14}},{')',{10,15}},{'->',{10,17}},{atom,{10,20},length},{'(',{10,26}},{var,{10,27},'Url'},{')',{10,30}},{'>',{10,32}},{integer,{10,34},0},{end,{10,36}},{',',{10,39}},{'{',{11,12}},{atom,{11,13},output},{',',{11,19}},{string,{11,21},"Url address must be non-empty!"},{'}',{11,53}},{'}',{11,54}},{',',{11,55}},{'{',{13,14}},{fun,{13,15}},{'(',{13,18}},{')',{13,19}},{'->',{13,21}},{atom,{13,24},length},{'(',{13,30}},{var,{13,31},'Browser'},{')',{13,38}},{'>',{13,40}},{integer,{13,42},0},{end,{13,44}},{',',{13,47}},{'{',{14,16}},{atom,{14,17},output},{',',{14,23}},{string,{14,25},"Browser info must be non-empty!"},{'}',{14,58}},{'}',{14,59}},{']',{15,3}},{dot,{15,4}},{eof,{17,1}}]
2020-09-05 11:51:39.606 [notice] <0.2.0>@boss_record_compiler:make_generated_forms:225 Module "pageview" Parameters ['Id','Url','Title','Page_ts','Browser','Width','Height','Uuid','ClientIp'] Attributes[{compile,export_all}]
2020-09-05 11:51:39.611 [notice] <0.192.0>@lager_app:276 Deprecated lager_file_backend config detected, please consider updating it
2020-09-05 11:51:39.669 [notice] <0.2.0>@boss_compiler:compile:38 Compile file "/home/yin/rahm/src/view/lib/tag_modules/rahm_custom_tags.erl" with options [{out_dir,"ebin"},{include_dirs,["/home/yin/rahm/include"]},{compiler_options,[{parse_transform,lager_transform},return_errors]}] 
2020-09-05 11:51:39.673 [notice] <0.2.0>@boss_compiler:compile:38 Compile file "/home/yin/rahm/src/view/lib/filter_modules/rahm_custom_filters.erl" with options [{out_dir,"ebin"},{include_dirs,["/home/yin/rahm/include"]},{compiler_options,[{parse_transform,lager_transform},return_errors]}] 
2020-09-05 11:55:49.752 [notice] <0.64.0>@lager_app:276 Deprecated lager_file_backend config detected, please consider updating it
2020-09-05 11:55:50.300 [info] <0.7.0> Application lager started on node rahm@u16
2020-09-05 11:55:50.385 [info] <0.7.0> Application crypto started on node rahm@u16
2020-09-05 11:55:50.438 [info] <0.7.0> Application mimetypes started on node rahm@u16
2020-09-05 11:55:50.563 [info] <0.96.0>@boss_web_controller_init:init_services:132 Starting Boss in development mode...
2020-09-05 11:55:50.608 [info] <0.96.0>@boss_db:start:77 Start Database Adapter boss_db_adapter_mock options [{adapter,mock},{cache_enable,false},{cache_prefix,db},{shards,[]},{is_master_node,true},{db_host,"localhost"},{db_port,1978}]
2020-09-05 11:55:50.767 [info] <0.7.0> Application tinymq started on node rahm@u16
2020-09-05 11:55:50.897 [info] <0.7.0> Application ranch started on node rahm@u16
2020-09-05 11:55:50.906 [info] <0.7.0> Application cowlib started on node rahm@u16
2020-09-05 11:55:50.986 [info] <0.7.0> Application cowboy started on node rahm@u16
2020-09-05 11:55:51.086 [error] <0.164.0>@ranch_acceptors_sup:init:30 CRASH REPORT Process <0.164.0> with 0 neighbours exited with reason: no match of right hand value {error,eacces} in ranch_acceptors_sup:init/1 line 30 in gen_server:init_it/6 line 352
2020-09-05 11:55:51.087 [error] <0.162.0>@ranch_acceptors_sup:init:30 Supervisor {<0.162.0>,ranch_listener_sup} had child ranch_acceptors_sup started with ranch_acceptors_sup:start_link(http, 100, ranch_tcp, [{ip,{0,0,0,0}},{port,80}]) at undefined exit with reason no match of right hand value {error,eacces} in ranch_acceptors_sup:init/1 line 30 in context start_error
2020-09-05 11:55:51.088 [info] <0.7.0> Application simple_bridge started on node rahm@u16
2020-09-05 11:55:51.124 [info] <0.7.0> Application boss started on node rahm@u16
2020-09-05 11:55:51.149 [info] <0.7.0> Application rahm started on node rahm@u16
2020-09-05 11:55:51.556 [notice] <0.96.0>@boss_compiler:compile:38 Compile file "/home/yin/rahm/priv/init/rahm_01_news.erl" with options [{include_dirs,["/home/yin/rahm/include"]}] 
2020-09-05 11:58:59.665 [notice] <0.64.0>@lager_app:276 Deprecated lager_file_backend config detected, please consider updating it
2020-09-05 11:59:00.129 [info] <0.7.0> Application lager started on node rahm@u16
2020-09-05 11:59:00.185 [info] <0.7.0> Application crypto started on node rahm@u16
2020-09-05 11:59:00.236 [info] <0.7.0> Application mimetypes started on node rahm@u16
2020-09-05 11:59:00.370 [info] <0.96.0>@boss_web_controller_init:init_services:132 Starting Boss in development mode...
2020-09-05 11:59:00.407 [info] <0.96.0>@boss_db:start:77 Start Database Adapter boss_db_adapter_mock options [{adapter,mock},{cache_enable,false},{cache_prefix,db},{shards,[]},{is_master_node,true},{db_host,"localhost"},{db_port,1978}]
2020-09-05 11:59:00.557 [info] <0.7.0> Application tinymq started on node rahm@u16
2020-09-05 11:59:00.669 [info] <0.7.0> Application ranch started on node rahm@u16
2020-09-05 11:59:00.677 [info] <0.7.0> Application cowlib started on node rahm@u16
2020-09-05 11:59:00.725 [info] <0.7.0> Application cowboy started on node rahm@u16
2020-09-05 11:59:01.002 [warning] <0.6.0> lager_error_logger_h dropped 29 messages in the last second that exceeded the limit of 50 messages/sec
2020-09-05 11:59:01.233 [notice] <0.96.0>@boss_compiler:compile:38 Compile file "/home/yin/rahm/priv/init/rahm_01_news.erl" with options [{include_dirs,["/home/yin/rahm/include"]}] 
2020-09-05 11:59:09.194 [warning] <0.274.0>@boss_web_controller_handle_request:log_status_code:186 GET / [rahm] 404 3ms
2020-09-05 11:59:16.634 [info] <0.277.0>@boss_web_controller_handle_request:log_status_code:188 GET /greeting/hello [rahm] 200 108ms
2020-09-05 11:59:19.818 [warning] <0.277.0>@boss_web_controller_handle_request:log_status_code:186 GET / [rahm] 404 3ms
2020-09-05 11:59:21.115 [warning] <0.281.0>@boss_web_controller_handle_request:log_status_code:186 GET / [rahm] 404 4ms
2020-09-05 11:59:34.856 [info] <0.284.0>@boss_web_controller_handle_request:log_status_code:188 GET /greeting/hello [rahm] 200 21ms
2020-09-05 11:59:37.200 [info] <0.287.0>@boss_web_controller_handle_request:log_status_code:188 GET /greeting/hello [rahm] 200 15ms
2020-09-05 11:59:37.865 [info] <0.287.0>@boss_web_controller_handle_request:log_status_code:188 GET /greeting/hello [rahm] 200 17ms
2020-09-05 11:59:38.466 [info] <0.287.0>@boss_web_controller_handle_request:log_status_code:188 GET /greeting/hello [rahm] 200 47ms
2020-09-05 12:04:49.194 [info] <0.7.0> Application xmerl started on node rahm@u16
2020-09-05 12:04:49.202 [info] <0.7.0> Application rabbit_common started on node rahm@u16
2020-09-05 12:04:49.245 [info] <0.7.0> Application amqp_client started on node rahm@u16
2020-09-05 12:04:49.523 [info] <0.294.0>@boss_web_controller_handle_request:log_status_code:188 GET /greeting/pageview [rahm] 200 532ms
2020-09-05 12:52:46.361 [info] <0.316.0>@boss_web_controller_handle_request:log_status_code:188 GET /greeting/pageview [rahm] 200 26ms
